<?xml version="1.0" encoding="UTF-8"?>
<!-- Generated by org.testng.reporters.JUnitReportReporter -->
<testsuite hostname="Nikku" failures="0" tests="1" name="com.qa.opencart.tests.RegisterPageTest" time="1.606" errors="0" timestamp="2025-02-22T19:54:48 IST" skipped="0">
  <testcase classname="com.qa.opencart.tests.RegisterPageTest" name="verifyPageTitle" time="1.606"/>
  <system-out/>
</testsuite> <!-- com.qa.opencart.tests.RegisterPageTest -->
