<?xml version="1.0" encoding="UTF-8"?>
<!-- Generated by org.testng.reporters.JUnitReportReporter -->
<testsuite hostname="Nikku" failures="0" tests="1" name="com.qa.opencart.tests.AddtocartTest" time="7.854" errors="0" timestamp="2025-02-22T20:11:18 IST" skipped="0">
  <testcase classname="com.qa.opencart.tests.AddtocartTest" name="addtocartpagetitle" time="7.854"/>
  <system-out/>
</testsuite> <!-- com.qa.opencart.tests.AddtocartTest -->
